Determining if the pthread_create exist failed with the following output:
Change Dir: /home/jesse/ros_workspaces/csc790_labs/build_debug/lab05_control/CMakeFiles/CMakeTmp

Run Build Command:"/usr/bin/make" "cmTC_54eae/fast"
/usr/bin/make -f CMakeFiles/cmTC_54eae.dir/build.make CMakeFiles/cmTC_54eae.dir/build
make[1]: Entering directory '/home/jesse/ros_workspaces/csc790_labs/build_debug/lab05_control/CMakeFiles/CMakeTmp'
Building C object CMakeFiles/cmTC_54eae.dir/CheckSymbolExists.c.o
/usr/bin/cc     -o CMakeFiles/cmTC_54eae.dir/CheckSymbolExists.c.o   -c /home/jesse/ros_workspaces/csc790_labs/build_debug/lab05_control/CMakeFiles/CMakeTmp/CheckSymbolExists.c
Linking C executable cmTC_54eae
/usr/bin/cmake -E cmake_link_script CMakeFiles/cmTC_54eae.dir/link.txt --verbose=1
/usr/bin/cc       CMakeFiles/cmTC_54eae.dir/CheckSymbolExists.c.o  -o cmTC_54eae -rdynamic 
CMakeFiles/cmTC_54eae.dir/CheckSymbolExists.c.o: In function `main':
CheckSymbolExists.c:(.text+0x16): undefined reference to `pthread_create'
collect2: error: ld returned 1 exit status
CMakeFiles/cmTC_54eae.dir/build.make:97: recipe for target 'cmTC_54eae' failed
make[1]: *** [cmTC_54eae] Error 1
make[1]: Leaving directory '/home/jesse/ros_workspaces/csc790_labs/build_debug/lab05_control/CMakeFiles/CMakeTmp'
Makefile:126: recipe for target 'cmTC_54eae/fast' failed
make: *** [cmTC_54eae/fast] Error 2

File /home/jesse/ros_workspaces/csc790_labs/build_debug/lab05_control/CMakeFiles/CMakeTmp/CheckSymbolExists.c:
/* */
#include <pthread.h>

int main(int argc, char** argv)
{
  (void)argv;
#ifndef pthread_create
  return ((int*)(&pthread_create))[argc];
#else
  (void)argc;
  return 0;
#endif
}

Determining if the function pthread_create exists in the pthreads failed with the following output:
Change Dir: /home/jesse/ros_workspaces/csc790_labs/build_debug/lab05_control/CMakeFiles/CMakeTmp

Run Build Command:"/usr/bin/make" "cmTC_ace89/fast"
/usr/bin/make -f CMakeFiles/cmTC_ace89.dir/build.make CMakeFiles/cmTC_ace89.dir/build
make[1]: Entering directory '/home/jesse/ros_workspaces/csc790_labs/build_debug/lab05_control/CMakeFiles/CMakeTmp'
Building C object CMakeFiles/cmTC_ace89.dir/CheckFunctionExists.c.o
/usr/bin/cc    -DCHECK_FUNCTION_EXISTS=pthread_create   -o CMakeFiles/cmTC_ace89.dir/CheckFunctionExists.c.o   -c /usr/share/cmake-3.5/Modules/CheckFunctionExists.c
Linking C executable cmTC_ace89
/usr/bin/cmake -E cmake_link_script CMakeFiles/cmTC_ace89.dir/link.txt --verbose=1
/usr/bin/cc   -DCHECK_FUNCTION_EXISTS=pthread_create    CMakeFiles/cmTC_ace89.dir/CheckFunctionExists.c.o  -o cmTC_ace89 -rdynamic -lpthreads 
/usr/bin/ld: cannot find -lpthreads
collect2: error: ld returned 1 exit status
CMakeFiles/cmTC_ace89.dir/build.make:97: recipe for target 'cmTC_ace89' failed
make[1]: *** [cmTC_ace89] Error 1
make[1]: Leaving directory '/home/jesse/ros_workspaces/csc790_labs/build_debug/lab05_control/CMakeFiles/CMakeTmp'
Makefile:126: recipe for target 'cmTC_ace89/fast' failed
make: *** [cmTC_ace89/fast] Error 2


